--- ./__init__.py	(original)
+++ ./__init__.py	(refactored)
@@ -10,6 +10,6 @@
 
 sys.path.insert( 0, os.path.abspath('./bkchem/bkchem'))
 
-from bkchem import bkchem
+from .bkchem import bkchem
 
 
--- ./bkchem/validator.py	(original)
+++ ./bkchem/validator.py	(refactored)
@@ -25,11 +25,11 @@
 
 """
 
-import molecule
+from . import molecule
 
-from atom import atom
-from group import group
-from textatom import textatom
+from .atom import atom
+from .group import group
+from .textatom import textatom
 
 
 
--- ./bkchem/external_data.py	(original)
+++ ./bkchem/external_data.py	(refactored)
@@ -27,16 +27,16 @@
 import os.path
 import xml.dom.minidom as dom
 
-import os_support
-import dom_extensions as dom_ext
-
-from atom import atom
-from bond import bond
-from group import group
-from molecule import molecule
-from textatom import textatom
-from queryatom import queryatom
-from singleton_store import Store
+from . import os_support
+from . import dom_extensions as dom_ext
+
+from .atom import atom
+from .bond import bond
+from .group import group
+from .molecule import molecule
+from .textatom import textatom
+from .queryatom import queryatom
+from .singleton_store import Store
 
 
 
--- ./bkchem/singleton_store.py	(original)
+++ ./bkchem/singleton_store.py	(refactored)
@@ -19,7 +19,7 @@
 
 """The Store class which is a manager for application wide singletons resides here"""
 
-import misc
+from . import misc
 
 
 
--- ./bkchem/import_checker.py	(original)
+++ ./bkchem/import_checker.py	(refactored)
@@ -47,7 +47,7 @@
 
 oasa_available = 1
 try:
-  import oasa
+  from . import oasa
 except ImportError:
   oasa_available = 0
 
--- ./bkchem/graphics.py	(original)
+++ ./bkchem/graphics.py	(refactored)
@@ -21,13 +21,13 @@
 
 """
 
-import misc
-import classes
-import dom_extensions
-import helper_graphics as hg
-
-from singleton_store import Screen
-from parents import meta_enabled, drawable, interactive, area_colored, container, with_line, top_level, line_colored
+from . import misc
+from . import classes
+from . import dom_extensions
+from . import helper_graphics as hg
+
+from .singleton_store import Screen
+from .parents import meta_enabled, drawable, interactive, area_colored, container, with_line, top_level, line_colored
 
 
 
--- ./bkchem/edit_pool.py	(original)
+++ ./bkchem/edit_pool.py	(refactored)
@@ -32,12 +32,12 @@
 
 from xml.sax import saxutils
 
-import misc
-import config
-
-from keysymdef import keysyms
-from singleton_store import Store
-from groups_table import groups_table
+from . import misc
+from . import config
+
+from .keysymdef import keysyms
+from .singleton_store import Store
+from .groups_table import groups_table
 
 
 
--- ./bkchem/CDML_versions.py	(original)
+++ ./bkchem/CDML_versions.py	(refactored)
@@ -21,8 +21,8 @@
 
 """
 
-import data
-import dom_extensions as dom_ext
+from . import data
+from . import dom_extensions as dom_ext
 
 
 
--- ./bkchem/queryatom.py	(original)
+++ ./bkchem/queryatom.py	(refactored)
@@ -25,18 +25,18 @@
 
 import re
 import sys
-import oasa
-
-from oasa import periodic_table as PT
-
-import data
-import debug
-import marks
-import dom_extensions
+from . import oasa
+
+from .oasa import periodic_table as PT
+
+from . import data
+from . import debug
+from . import marks
+from . import dom_extensions
 
 from warnings import warn
-from singleton_store import Screen
-from special_parents import drawable_chem_vertex
+from .singleton_store import Screen
+from .special_parents import drawable_chem_vertex
 
 
 
--- ./bkchem/textatom.py	(original)
+++ ./bkchem/textatom.py	(refactored)
@@ -25,18 +25,18 @@
 
 import re
 import sys
-import oasa
+from . import oasa
 
 from warnings import warn
-from oasa import periodic_table as PT
-
-import data
-import marks
-import dom_extensions
+from .oasa import periodic_table as PT
+
+from . import data
+from . import marks
+from . import dom_extensions
 import xml.dom.minidom as dom
 
-from singleton_store import Screen
-from special_parents import drawable_chem_vertex
+from .singleton_store import Screen
+from .special_parents import drawable_chem_vertex
 
 
 ### NOTE: now that all classes are children of meta_enabled, so the read_standard_values method
--- ./bkchem/molecule.py	(original)
+++ ./bkchem/molecule.py	(refactored)
@@ -24,28 +24,28 @@
 
 
 import copy
-import oasa
+from . import oasa
 import xml.dom.minidom as dom
 
-from oasa import geometry
+from .oasa import geometry
 from warnings import warn
-from oasa import periodic_table as PT
+from .oasa import periodic_table as PT
 from math import atan2, sin, cos, pi, sqrt
 
-import misc
-import dom_extensions
-import bkchem_exceptions
-import groups_table as GT
-import helper_graphics as hg
-
-from bond import bond
-from atom import atom
-from group import group
-from fragment import fragment
-from textatom import textatom
-from queryatom import queryatom
-from singleton_store import Store, Screen
-from parents import container, top_level, id_enabled, with_paper
+from . import misc
+from . import dom_extensions
+from . import bkchem_exceptions
+from . import groups_table as GT
+from . import helper_graphics as hg
+
+from .bond import bond
+from .atom import atom
+from .group import group
+from .fragment import fragment
+from .textatom import textatom
+from .queryatom import queryatom
+from .singleton_store import Store, Screen
+from .parents import container, top_level, id_enabled, with_paper
 
 
 
@@ -687,7 +687,7 @@
     """checks the consistency of a linear_form - returns either True (consistent) or
     False (inconsistent).
     Consistent fragments are automatically redrawn"""
-    import interactors
+    from . import interactors
     if f.type == "linear_form":
       if f.edges - self.edges or f.vertices - set( self.vertices):
         # something from the fragment was deleted
--- ./bkchem/plugin_support.py	(original)
+++ ./bkchem/plugin_support.py	(refactored)
@@ -21,11 +21,11 @@
 import sys
 import xml.dom.minidom as dom
 
-import debug
-import os_support
-import dom_extensions as dom_ext
+from . import debug
+from . import os_support
+from . import dom_extensions as dom_ext
 
-from singleton_store import Store
+from .singleton_store import Store
 
 
 
--- ./bkchem/context_menu.py	(original)
+++ ./bkchem/context_menu.py	(refactored)
@@ -18,23 +18,23 @@
 #--------------------------------------------------------------------------
 
 import os
-import oasa
+from . import oasa
 import collections
 try:
   import tkinter as Tkinter
 except ImportError:
   import tkinter
 
-from oasa import periodic_table as PT
-
-import misc
-import marks
-import parents
-import interactors
-
-from atom import atom
-from group import group
-from singleton_store import Store
+from .oasa import periodic_table as PT
+
+from . import misc
+from . import marks
+from . import parents
+from . import interactors
+
+from .atom import atom
+from .group import group
+from .singleton_store import Store
 
 
 
--- ./bkchem/plugins/piddle/piddleTK2/__init__.py	(original)
+++ ./bkchem/plugins/piddle/piddleTK2/__init__.py	(refactored)
@@ -1 +1 @@
-from piddleTK import *
+from .piddleTK import *
--- ./bkchem/plugins/piddle/piddleGTK/__init__.py	(original)
+++ ./bkchem/plugins/piddle/piddleGTK/__init__.py	(refactored)
@@ -68,7 +68,7 @@
 
 from piddle import *
 
-from core import \
+from .core import \
      BasicCanvas, \
      InteractiveCanvas, \
      GTKCanvas, \
--- ./bkchem/plugins/piddle/piddleQD.py	(original)
+++ ./bkchem/plugins/piddle/piddleQD.py	(refactored)
@@ -543,7 +543,7 @@
         """Draw a PIL Image into the specified rectangle.  If x2 and y2 are
         omitted, they are calculated from the image size."""
 
-        from PixMapWrapper import PixMapWrapper
+        from .PixMapWrapper import PixMapWrapper
         pm = PixMapWrapper()    # make a QD pixel map
         pm.fromImage(image)     # load the image into it
         if x2==None: x2 = x1 + pm.bounds[2]-pm.bounds[0]
--- ./bkchem/plugins/bitmap.py	(original)
+++ ./bkchem/plugins/bitmap.py	(refactored)
@@ -18,9 +18,9 @@
 #--------------------------------------------------------------------------
 
 
-import plugin
-from piddle import piddlePIL
-from tk2piddle import tk2piddle
+from . import plugin
+from .piddle import piddlePIL
+from .tk2piddle import tk2piddle
 
 
 class bitmap_exporter( plugin.exporter):
--- ./bkchem/plugins/povray.py	(original)
+++ ./bkchem/plugins/povray.py	(refactored)
@@ -23,7 +23,7 @@
 
 """provides export plugin to povray"""
 
-import plugin
+from . import plugin
 import operator
 import io
 
--- ./bkchem/checks.py	(original)
+++ ./bkchem/checks.py	(refactored)
@@ -22,8 +22,8 @@
 Mainly from paper and modules.
 """
 
-import interactors
-from singleton_store import Store
+from . import interactors
+from .singleton_store import Store
 
 
 
--- ./bkchem/arrow.py	(original)
+++ ./bkchem/arrow.py	(refactored)
@@ -25,17 +25,17 @@
 
 import xml.dom.minidom as dom
 
-from oasa import geometry
+from .oasa import geometry
 from warnings import warn
 
-import misc
-import dom_extensions
-
-from classes import point
-from reaction import reaction
-from singleton_store import Screen
-from parents import meta_enabled, container, with_line, line_colored
-from parents import point_drawable, interactive, drawable, top_level
+from . import misc
+from . import dom_extensions
+
+from .classes import point
+from .reaction import reaction
+from .singleton_store import Screen
+from .parents import meta_enabled, container, with_line, line_colored
+from .parents import point_drawable, interactive, drawable, top_level
 
 
 
--- ./bkchem/paper.py	(original)
+++ ./bkchem/paper.py	(refactored)
@@ -26,7 +26,7 @@
 import os
 import sys
 import math
-import oasa
+from . import oasa
 import operator
 import xml.dom.minidom as dom
 try:
@@ -41,44 +41,44 @@
   import tkinter.messagebox
 
 from warnings import warn
-from oasa import geometry
-from oasa import periodic_table as PT
-from oasa.transform import transform
-from oasa.transform3d import transform3d
+from .oasa import geometry
+from .oasa import periodic_table as PT
+from .oasa.transform import transform
+from .oasa.transform3d import transform3d
 try:
   from tkinter import Canvas, ALL
 except ImportError:
   from tkinter import Canvas, ALL
 
 import Pmw
-import misc
+from . import misc
 import copy
-import data
-import undo
-import arrow
-import checks
-import config
-import classes
-import dialogs
-import parents
-import graphics
-import messages
-import os_support
-import xml_writer
-import interactors
-import CDML_versions
-import dom_extensions
-
-from atom import atom
-from group import group
-from textatom import textatom
-from molecule import molecule
-from reaction import reaction
-from id_manager import id_manager
-from temp_manager import template_manager
-from singleton_store import Store, Screen
-from helper_graphics import selection_rect
-from external_data import external_data_manager
+from . import data
+from . import undo
+from . import arrow
+from . import checks
+from . import config
+from . import classes
+from . import dialogs
+from . import parents
+from . import graphics
+from . import messages
+from . import os_support
+from . import xml_writer
+from . import interactors
+from . import CDML_versions
+from . import dom_extensions
+
+from .atom import atom
+from .group import group
+from .textatom import textatom
+from .molecule import molecule
+from .reaction import reaction
+from .id_manager import id_manager
+from .temp_manager import template_manager
+from .singleton_store import Store, Screen
+from .helper_graphics import selection_rect
+from .external_data import external_data_manager
 
 
 
@@ -1352,7 +1352,7 @@
 
 
   def check_chemistry_of_selected( self):
-    import validator
+    from . import validator
     val = validator.validator()
     s_mols = [m for m in self.selected_to_unique_top_levels()[0] if m.object_type == 'molecule']
     if not s_mols:
--- ./bkchem/xml_writer.py	(original)
+++ ./bkchem/xml_writer.py	(refactored)
@@ -24,15 +24,15 @@
 
 import xml.dom.minidom as dom
 
-from oasa import geometry
+from .oasa import geometry
 from xml.dom.minidom import Document
 
-import data
-import dom_extensions
-
-from tuning import Tuning
-from ftext import ftext as ftext_class
-from singleton_store import Screen
+from . import data
+from . import dom_extensions
+
+from .tuning import Tuning
+from .ftext import ftext as ftext_class
+from .singleton_store import Screen
 
 
 
--- ./bkchem/http_server.py	(original)
+++ ./bkchem/http_server.py	(refactored)
@@ -29,10 +29,10 @@
 import http.server
 import xml.dom.minidom as dom
 
-import xml_writer
-import xml_serializer
+from . import xml_writer
+from . import xml_serializer
 
-from singleton_store import Store
+from .singleton_store import Store
 
 
 
--- ./bkchem/export.py	(original)
+++ ./bkchem/export.py	(refactored)
@@ -23,8 +23,8 @@
 
 import sys
 
-import xml_writer
-import dom_extensions
+from . import xml_writer
+from . import dom_extensions
 
 
 
--- ./bkchem/modes.py	(original)
+++ ./bkchem/modes.py	(refactored)
@@ -21,7 +21,7 @@
 
 """
 
-import oasa
+from . import oasa
 import math
 import time
 import string
@@ -35,35 +35,35 @@
   import tkinter.messagebox
 
 from warnings import warn
-from oasa import geometry
-from oasa import periodic_table as PT
-from oasa.transform import transform
-from oasa.transform3d import transform3d
+from .oasa import geometry
+from .oasa import periodic_table as PT
+from .oasa.transform import transform
+from .oasa.transform3d import transform3d
 
 import Pmw
-import data
-import misc
-import marks
+from . import data
+from . import misc
+from . import marks
 import types
-import config
-import dialogs
-import parents
-import messages
-import interactors
-import external_data
-import dom_extensions
-import special_parents
-import helper_graphics as hg
-
-from bond import bond
-from atom import atom
-from arrow import arrow
-from ftext import ftext
-from group import group
-from textatom import textatom
-from reaction import reaction
-from context_menu import context_menu
-from singleton_store import Store, Screen
+from . import config
+from . import dialogs
+from . import parents
+from . import messages
+from . import interactors
+from . import external_data
+from . import dom_extensions
+from . import special_parents
+from . import helper_graphics as hg
+
+from .bond import bond
+from .atom import atom
+from .arrow import arrow
+from .ftext import ftext
+from .group import group
+from .textatom import textatom
+from .reaction import reaction
+from .context_menu import context_menu
+from .singleton_store import Store, Screen
 
 
 
--- ./bkchem/widgets.py	(original)
+++ ./bkchem/widgets.py	(refactored)
@@ -37,15 +37,15 @@
     import tkinter.colorchooser
     import tkinter.filedialog
 
-from oasa import geometry
+from .oasa import geometry
 
 import Pmw
-import data
-import misc
-import config
-
-from keysymdef import keysyms
-from singleton_store import Store
+from . import data
+from . import misc
+from . import config
+
+from .keysymdef import keysyms
+from .singleton_store import Store
 
 
 
--- ./bkchem/marks.py	(original)
+++ ./bkchem/marks.py	(refactored)
@@ -31,14 +31,14 @@
 except ImportError:
   import tkinter.font
 
-from oasa import geometry
-from oasa import transform
-
-from parents import simple_parent
-from singleton_store import Screen
-
-import data
-import dom_extensions
+from .oasa import geometry
+from .oasa import transform
+
+from .parents import simple_parent
+from .singleton_store import Screen
+
+from . import data
+from . import dom_extensions
 
 
 
--- ./bkchem/fragment.py	(original)
+++ ./bkchem/fragment.py	(refactored)
@@ -19,11 +19,11 @@
 
 import types
 import xml.sax.saxutils
-import dom_extensions as dom_ext
+from . import dom_extensions as dom_ext
 
-from parents import simple_parent
-from singleton_store import Store
-from bkchem_exceptions import bkchem_fragment_error
+from .parents import simple_parent
+from .singleton_store import Store
+from .bkchem_exceptions import bkchem_fragment_error
 
 
 class fragment( simple_parent):
--- ./bkchem/parents.py	(original)
+++ ./bkchem/parents.py	(refactored)
@@ -24,10 +24,10 @@
 
 import xml.dom.minidom as dom
 
-import ftext
-import dom_extensions
-
-from singleton_store import Store
+from . import ftext
+from . import dom_extensions
+
+from .singleton_store import Store
 
 
 
--- ./bkchem/interactors.py	(original)
+++ ./bkchem/interactors.py	(refactored)
@@ -29,15 +29,15 @@
   import tkinter.messagebox
 
 import Pmw
-import dialogs
-import widgets
-import validator
-import os_support
-import bkchem_exceptions as excs
-
-from atom import atom
-from molecule import molecule
-from singleton_store import Store
+from . import dialogs
+from . import widgets
+from . import validator
+from . import os_support
+from . import bkchem_exceptions as excs
+
+from .atom import atom
+from .molecule import molecule
+from .singleton_store import Store
 
 
 
--- ./bkchem/http_server2.py	(original)
+++ ./bkchem/http_server2.py	(refactored)
@@ -30,11 +30,11 @@
 import http.server
 import xml.dom.minidom as dom
 
-import xml_writer
-import oasa_bridge
-import xml_serializer
-
-from singleton_store import Store
+from . import xml_writer
+from . import oasa_bridge
+from . import xml_serializer
+
+from .singleton_store import Store
 
 
 
--- ./bkchem/ftext.py	(original)
+++ ./bkchem/ftext.py	(refactored)
@@ -34,8 +34,8 @@
 except ImportError:
   import tkinter.font
 
-import tuning
-import dom_extensions
+from . import tuning
+from . import dom_extensions
 
 
 
--- ./bkchem/helper_graphics.py	(original)
+++ ./bkchem/helper_graphics.py	(refactored)
@@ -21,7 +21,7 @@
 
 """
 
-import misc
+from . import misc
 
 
 
--- ./bkchem/undo.py	(original)
+++ ./bkchem/undo.py	(refactored)
@@ -30,7 +30,7 @@
 import copy
 import inspect
 
-import misc
+from . import misc
 
 
 
--- ./bkchem/group.py	(original)
+++ ./bkchem/group.py	(refactored)
@@ -26,20 +26,20 @@
 
 import re
 import sys
-import oasa
+from . import oasa
 
 from warnings import warn
-from oasa import periodic_table as PT
-from oasa.known_groups import name_to_smiles
-
-import data
-import debug
-import marks
-import dom_extensions
-import groups_table as GT
-
-from singleton_store import Store, Screen
-from special_parents import drawable_chem_vertex
+from .oasa import periodic_table as PT
+from .oasa.known_groups import name_to_smiles
+
+from . import data
+from . import debug
+from . import marks
+from . import dom_extensions
+from . import groups_table as GT
+
+from .singleton_store import Store, Screen
+from .special_parents import drawable_chem_vertex
 
 
 ### NOTE: now that all classes are children of meta_enabled, so the read_standard_values method
--- ./bkchem/non_xml_writer.py	(original)
+++ ./bkchem/non_xml_writer.py	(refactored)
@@ -23,7 +23,7 @@
 
 __all__ = ['enabled', 'Bitmap_writer']
 
-import import_checker
+from . import import_checker
 # try to import PIL
 if import_checker.PIL_available:
   if import_checker.PIL_prefix:
--- ./bkchem/bkchem.py	(original)
+++ ./bkchem/bkchem.py	(refactored)
@@ -26,14 +26,14 @@
 ## support for loading from outside of bkchem dir
 import sys
 
-import os_support
+from . import os_support
 
 sys.path.insert(1, os_support.get_module_path())
 
 ### now starting for real
-import pref_manager
-
-from singleton_store import Store
+from . import pref_manager
+
+from .singleton_store import Store
 
 # at first preference manager
 Store.pm = pref_manager.pref_manager(
@@ -96,13 +96,13 @@
 
 
 
-import config
+from . import config
 
 if not config.debug:
   # checking of important modules availability
   # import modules
-  import import_checker
-  import messages
+  from . import import_checker
+  from . import messages
 
   # At least version 2.6 is required for the new exception syntax,
   # 'with' statement, built in next() and other future compatibility goodies
@@ -121,16 +121,16 @@
     sys.exit()
 
 
-from main import BKChem
-from splash import Splash
-from singleton_store import Store
+from .main import BKChem
+from .splash import Splash
+from .singleton_store import Store
 
 myapp = BKChem()
 myapp.withdraw()
 
 if __name__ == '__main__':
 
-  import messages
+  from . import messages
   enc = sys.getfilesystemencoding()
   if not enc:
     enc = sys.getdefaultencoding()
--- ./bkchem/oasa_bridge.py	(original)
+++ ./bkchem/oasa_bridge.py	(refactored)
@@ -21,17 +21,17 @@
 
 oasa_available = 1
 try:
-  import oasa
+  from . import oasa
 except ImportError:
   oasa_available = 0
 
-from oasa import transform3d
+from .oasa import transform3d
 
-import bond
-import atom
-import molecule
+from . import bond
+from . import atom
+from . import molecule
 
-from singleton_store import Screen
+from .singleton_store import Screen
 
 
 
--- ./bkchem/dialogs.py	(original)
+++ ./bkchem/dialogs.py	(refactored)
@@ -33,13 +33,13 @@
     import tkinter.messagebox
 
 import Pmw
-import data
-import misc
-import classes
-import widgets
-import os_support
-
-from singleton_store import Store, Screen
+from . import data
+from . import misc
+from . import classes
+from . import widgets
+from . import os_support
+
+from .singleton_store import Store, Screen
 
 
 
--- ./bkchem/classes.py	(original)
+++ ./bkchem/classes.py	(refactored)
@@ -34,14 +34,14 @@
 from math import atan2, sin, cos, pi, sqrt
 from warnings import warn
 
-import dom_extensions
-
-from ftext import ftext
-from parents import meta_enabled, container, with_line, text_like, line_colored
-from parents import area_colored, point_drawable, interactive, drawable, top_level
-from parents import child, with_font
-from reaction import reaction
-from singleton_store import Screen
+from . import dom_extensions
+
+from .ftext import ftext
+from .parents import meta_enabled, container, with_line, text_like, line_colored
+from .parents import area_colored, point_drawable, interactive, drawable, top_level
+from .parents import child, with_font
+from .reaction import reaction
+from .singleton_store import Screen
 
 ### NOTE: now that all classes are children of meta_enabled, so the read_standard_values method
 ### is called during their __init__ (in fact meta_enabled.__init__), therefore these values are
--- ./bkchem/special_parents.py	(original)
+++ ./bkchem/special_parents.py	(refactored)
@@ -17,7 +17,7 @@
 
 #--------------------------------------------------------------------------
 
-import oasa
+from . import oasa
 import operator
 import xml.dom.minidom as dom
 try:
@@ -25,16 +25,16 @@
 except ImportError:
   import tkinter.font
 
-from oasa import geometry
+from .oasa import geometry
 from math import sin, cos, sqrt, pi
 
-import misc
-import marks
-
-from ftext import ftext
-from tuning import Tuning
-from singleton_store import Store, Screen
-from parents import meta_enabled, area_colored, point_drawable, text_like, child_with_paper
+from . import misc
+from . import marks
+
+from .ftext import ftext
+from .tuning import Tuning
+from .singleton_store import Store, Screen
+from .parents import meta_enabled, area_colored, point_drawable, text_like, child_with_paper
 
 
 
--- ./bkchem/bond.py	(original)
+++ ./bkchem/bond.py	(refactored)
@@ -22,18 +22,18 @@
 
 
 import math
-import oasa
+from . import oasa
 import xml.dom.minidom as dom
 
-from oasa import geometry
+from .oasa import geometry
 from warnings import warn
 
-import misc
-import dom_extensions
-
-from ftext import ftext
-from singleton_store import Store, Screen
-from parents import meta_enabled, line_colored, drawable, with_line, interactive, child_with_paper
+from . import misc
+from . import dom_extensions
+
+from .ftext import ftext
+from .singleton_store import Store, Screen
+from .parents import meta_enabled, line_colored, drawable, with_line, interactive, child_with_paper
 
 
 ### NOTE: now that all classes are children of meta_enabled, so the read_standard_values method
--- ./bkchem/main.py	(original)
+++ ./bkchem/main.py	(refactored)
@@ -24,7 +24,7 @@
 
 
 import os
-import oasa
+from . import oasa
 import string
 import warnings
 import collections
@@ -40,32 +40,32 @@
   import tkinter.messagebox
 
 import Pmw
-import data
-import misc
-import modes
-import config
-import export
-import logger
-import dialogs
-import pixmaps
-import plugins
-import messages
-import molecule
-import os_support
-import interactors
-import oasa_bridge
-import dom_extensions
-import non_xml_writer
-import import_checker
-import plugins.plugin
-
-from paper import chem_paper
-from edit_pool import editPool
-from xml_writer import SVG_writer
-from id_manager import id_manager
-from temp_manager import template_manager
-from plugin_support import plugin_manager
-from singleton_store import Store, Screen
+from . import data
+from . import misc
+from . import modes
+from . import config
+from . import export
+from . import logger
+from . import dialogs
+from . import pixmaps
+from . import plugins
+from . import messages
+from . import molecule
+from . import os_support
+from . import interactors
+from . import oasa_bridge
+from . import dom_extensions
+from . import non_xml_writer
+from . import import_checker
+from . import plugins.plugin
+
+from .paper import chem_paper
+from .edit_pool import editPool
+from .xml_writer import SVG_writer
+from .id_manager import id_manager
+from .temp_manager import template_manager
+from .plugin_support import plugin_manager
+from .singleton_store import Store, Screen
 
 
 
@@ -376,8 +376,8 @@
 
         # support for tuning of piddle
         if plugin.name.endswith( "(Piddle)"):
-          from plugins import tk2piddle
-          import tuning
+          from .plugins import tk2piddle
+          from . import tuning
           tk2piddle.tk2piddle.text_x_shift = tuning.Tuning.Piddle.text_x_shift
 
     self.paper = None
@@ -1260,7 +1260,7 @@
 
   def start_server( self):
 
-    import http_server2 as http_server
+    from . import http_server2 as http_server
 
     server_address = ('', 8008)
     httpd = http_server.bkchem_http_server( server_address, http_server.bkchem_http_handler)
--- ./bkchem/atom.py	(original)
+++ ./bkchem/atom.py	(refactored)
@@ -25,17 +25,17 @@
 
 import re
 import sys
-import oasa
+from . import oasa
 
 from warnings import warn
 
-import data
-import marks
-import dom_extensions
-
-from oasa import periodic_table as PT
-from singleton_store import Screen, Store
-from special_parents import drawable_chem_vertex
+from . import data
+from . import marks
+from . import dom_extensions
+
+from .oasa import periodic_table as PT
+from .singleton_store import Screen, Store
+from .special_parents import drawable_chem_vertex
 
 
 ### NOTE: now that all classes are children of meta_enabled, so the read_standard_values method
--- ./bkchem/temp_manager.py	(original)
+++ ./bkchem/temp_manager.py	(refactored)
@@ -27,14 +27,14 @@
 import xml.dom.minidom as dom
 
 from warnings import warn
-from oasa.transform import transform
+from .oasa.transform import transform
 
-import misc
-import config
-import os_support
+from . import misc
+from . import config
+from . import os_support
 
-from molecule import molecule
-from singleton_store import Store, Screen
+from .molecule import molecule
+from .singleton_store import Store, Screen
 
 
 
@@ -58,7 +58,7 @@
       warn( "template file %s cannot be parsed - ignoring" % file)
       return
     # when loading old versions of CDML try to convert them, but do nothing when they cannot be converted
-    import CDML_versions
+    from . import CDML_versions
     CDML_versions.transform_dom_to_version( doc, config.current_CDML_version)
     Store.app.paper.onread_id_sandbox_activate()
     added = []
--- ./bkchem/splash.py	(original)
+++ ./bkchem/splash.py	(refactored)
@@ -28,8 +28,8 @@
 except ImportError:
   import tkinter
 
-import messages
-import os_support
+from . import messages
+from . import os_support
 
 
 
--- ./bkchem/reaction.py	(original)
+++ ./bkchem/reaction.py	(refactored)
@@ -19,9 +19,9 @@
 
 import sys
 
-import dom_extensions
+from . import dom_extensions
 
-from singleton_store import Store
+from .singleton_store import Store
 
 
 singulars = ['reactant', 'product', 'arrow', 'condition', 'plus']
--- ./bkchem/pixmaps.py	(original)
+++ ./bkchem/pixmaps.py	(refactored)
@@ -26,7 +26,7 @@
 except ImportError:
     import tkinter
 
-import os_support
+from . import os_support
 
 __all__ = ['images']
 
--- ./setup.py	(original)
+++ ./setup.py	(refactored)
@@ -8,7 +8,7 @@
 
 from distutils.core import setup
 
-from bkchem import config
+from .bkchem import config
 
 
 
