--- ./bkchem/logger.py	(original)
+++ ./bkchem/logger.py	(refactored)
@@ -25,7 +25,7 @@
 except ImportError:
   import tkinter.messagebox
 
-from singleton_store import Store
+from .singleton_store import Store
 
 
 
--- ./bkchem/debug.py	(original)
+++ ./bkchem/debug.py	(refactored)
@@ -22,7 +22,7 @@
 import sys
 import inspect
 
-import config
+from . import config
 
 
 
--- ./bkchem/pref_manager.py	(original)
+++ ./bkchem/pref_manager.py	(refactored)
@@ -24,7 +24,7 @@
 import types
 import xml.dom.minidom as dom
 
-import dom_extensions
+from . import dom_extensions
 
 
 
